Jul 24 2023 15:55:39
{"Number":8192,"Message":"explode(): Passing null to parameter #2 ($string) of type string is deprecated","File":"C:\\Users\\Jason\\Local Sites\\scbs\\app\\public\\wp-content\\plugins\\All-In-One-WP-Migration-With-Import-master\\functions.php","Line":338}

Jul 24 2023 15:55:39
{"type":8192,"message":"Return type of Ai1wm_Recursive_Newline_Filter::accept() should either be compatible with FilterIterator::accept(): bool, or the #[\\ReturnTypeWillChange] attribute should be used to temporarily suppress the notice","file":"C:\\Users\\Jason\\Local Sites\\scbs\\app\\public\\wp-content\\plugins\\All-In-One-WP-Migration-With-Import-master\\lib\\vendor\\servmask\\filter\\class-ai1wm-recursive-newline-filter.php","line":28}

Jul 24 2023 15:55:39
{"type":8192,"message":"Return type of Ai1wm_Recursive_Newline_Filter::accept() should either be compatible with FilterIterator::accept(): bool, or the #[\\ReturnTypeWillChange] attribute should be used to temporarily suppress the notice","file":"C:\\Users\\Jason\\Local Sites\\scbs\\app\\public\\wp-content\\plugins\\All-In-One-WP-Migration-With-Import-master\\lib\\vendor\\servmask\\filter\\class-ai1wm-recursive-newline-filter.php","line":28}

Jul 24 2023 15:55:39
{"type":8192,"message":"Return type of Ai1wm_Recursive_Newline_Filter::accept() should either be compatible with FilterIterator::accept(): bool, or the #[\\ReturnTypeWillChange] attribute should be used to temporarily suppress the notice","file":"C:\\Users\\Jason\\Local Sites\\scbs\\app\\public\\wp-content\\plugins\\All-In-One-WP-Migration-With-Import-master\\lib\\vendor\\servmask\\filter\\class-ai1wm-recursive-newline-filter.php","line":28}

Jul 24 2023 15:55:39
{"type":8192,"message":"Return type of Ai1wm_Recursive_Newline_Filter::accept() should either be compatible with FilterIterator::accept(): bool, or the #[\\ReturnTypeWillChange] attribute should be used to temporarily suppress the notice","file":"C:\\Users\\Jason\\Local Sites\\scbs\\app\\public\\wp-content\\plugins\\All-In-One-WP-Migration-With-Import-master\\lib\\vendor\\servmask\\filter\\class-ai1wm-recursive-newline-filter.php","line":28}

Jul 24 2023 15:55:39
{"type":8192,"message":"Return type of Ai1wm_Recursive_Newline_Filter::accept() should either be compatible with FilterIterator::accept(): bool, or the #[\\ReturnTypeWillChange] attribute should be used to temporarily suppress the notice","file":"C:\\Users\\Jason\\Local Sites\\scbs\\app\\public\\wp-content\\plugins\\All-In-One-WP-Migration-With-Import-master\\lib\\vendor\\servmask\\filter\\class-ai1wm-recursive-newline-filter.php","line":28}

Jul 24 2023 15:55:43
{"type":8192,"message":"Return type of Ai1wm_Recursive_Newline_Filter::accept() should either be compatible with FilterIterator::accept(): bool, or the #[\\ReturnTypeWillChange] attribute should be used to temporarily suppress the notice","file":"C:\\Users\\Jason\\Local Sites\\scbs\\app\\public\\wp-content\\plugins\\All-In-One-WP-Migration-With-Import-master\\lib\\vendor\\servmask\\filter\\class-ai1wm-recursive-newline-filter.php","line":28}

Jul 24 2023 15:55:43
{"type":8192,"message":"Return type of Ai1wm_Recursive_Newline_Filter::accept() should either be compatible with FilterIterator::accept(): bool, or the #[\\ReturnTypeWillChange] attribute should be used to temporarily suppress the notice","file":"C:\\Users\\Jason\\Local Sites\\scbs\\app\\public\\wp-content\\plugins\\All-In-One-WP-Migration-With-Import-master\\lib\\vendor\\servmask\\filter\\class-ai1wm-recursive-newline-filter.php","line":28}

Jul 24 2023 15:55:43
{"type":8192,"message":"Return type of Ai1wm_Recursive_Newline_Filter::accept() should either be compatible with FilterIterator::accept(): bool, or the #[\\ReturnTypeWillChange] attribute should be used to temporarily suppress the notice","file":"C:\\Users\\Jason\\Local Sites\\scbs\\app\\public\\wp-content\\plugins\\All-In-One-WP-Migration-With-Import-master\\lib\\vendor\\servmask\\filter\\class-ai1wm-recursive-newline-filter.php","line":28}

Jul 24 2023 15:55:43
{"type":8192,"message":"Return type of Ai1wm_Recursive_Newline_Filter::accept() should either be compatible with FilterIterator::accept(): bool, or the #[\\ReturnTypeWillChange] attribute should be used to temporarily suppress the notice","file":"C:\\Users\\Jason\\Local Sites\\scbs\\app\\public\\wp-content\\plugins\\All-In-One-WP-Migration-With-Import-master\\lib\\vendor\\servmask\\filter\\class-ai1wm-recursive-newline-filter.php","line":28}

Jul 24 2023 15:55:43
{"type":8192,"message":"Return type of Ai1wm_Recursive_Newline_Filter::accept() should either be compatible with FilterIterator::accept(): bool, or the #[\\ReturnTypeWillChange] attribute should be used to temporarily suppress the notice","file":"C:\\Users\\Jason\\Local Sites\\scbs\\app\\public\\wp-content\\plugins\\All-In-One-WP-Migration-With-Import-master\\lib\\vendor\\servmask\\filter\\class-ai1wm-recursive-newline-filter.php","line":28}

Jul 24 2023 15:55:53
{"Number":8192,"Message":"explode(): Passing null to parameter #2 ($string) of type string is deprecated","File":"C:\\Users\\Jason\\Local Sites\\scbs\\app\\public\\wp-content\\plugins\\All-In-One-WP-Migration-With-Import-master\\functions.php","Line":338}

Jul 24 2023 15:55:53
{"type":8192,"message":"Return type of Ai1wm_Recursive_Newline_Filter::accept() should either be compatible with FilterIterator::accept(): bool, or the #[\\ReturnTypeWillChange] attribute should be used to temporarily suppress the notice","file":"C:\\Users\\Jason\\Local Sites\\scbs\\app\\public\\wp-content\\plugins\\All-In-One-WP-Migration-With-Import-master\\lib\\vendor\\servmask\\filter\\class-ai1wm-recursive-newline-filter.php","line":28}

Jul 24 2023 15:55:53
{"type":8192,"message":"Return type of Ai1wm_Recursive_Newline_Filter::accept() should either be compatible with FilterIterator::accept(): bool, or the #[\\ReturnTypeWillChange] attribute should be used to temporarily suppress the notice","file":"C:\\Users\\Jason\\Local Sites\\scbs\\app\\public\\wp-content\\plugins\\All-In-One-WP-Migration-With-Import-master\\lib\\vendor\\servmask\\filter\\class-ai1wm-recursive-newline-filter.php","line":28}

Jul 24 2023 15:55:53
{"type":8192,"message":"Return type of Ai1wm_Recursive_Newline_Filter::accept() should either be compatible with FilterIterator::accept(): bool, or the #[\\ReturnTypeWillChange] attribute should be used to temporarily suppress the notice","file":"C:\\Users\\Jason\\Local Sites\\scbs\\app\\public\\wp-content\\plugins\\All-In-One-WP-Migration-With-Import-master\\lib\\vendor\\servmask\\filter\\class-ai1wm-recursive-newline-filter.php","line":28}

Jul 24 2023 15:55:53
{"type":8192,"message":"Return type of Ai1wm_Recursive_Newline_Filter::accept() should either be compatible with FilterIterator::accept(): bool, or the #[\\ReturnTypeWillChange] attribute should be used to temporarily suppress the notice","file":"C:\\Users\\Jason\\Local Sites\\scbs\\app\\public\\wp-content\\plugins\\All-In-One-WP-Migration-With-Import-master\\lib\\vendor\\servmask\\filter\\class-ai1wm-recursive-newline-filter.php","line":28}

Jul 24 2023 15:55:53
{"type":8192,"message":"Return type of Ai1wm_Recursive_Newline_Filter::accept() should either be compatible with FilterIterator::accept(): bool, or the #[\\ReturnTypeWillChange] attribute should be used to temporarily suppress the notice","file":"C:\\Users\\Jason\\Local Sites\\scbs\\app\\public\\wp-content\\plugins\\All-In-One-WP-Migration-With-Import-master\\lib\\vendor\\servmask\\filter\\class-ai1wm-recursive-newline-filter.php","line":28}

Jul 24 2023 15:55:54
{"type":8192,"message":"Return type of Ai1wm_Recursive_Newline_Filter::accept() should either be compatible with FilterIterator::accept(): bool, or the #[\\ReturnTypeWillChange] attribute should be used to temporarily suppress the notice","file":"C:\\Users\\Jason\\Local Sites\\scbs\\app\\public\\wp-content\\plugins\\All-In-One-WP-Migration-With-Import-master\\lib\\vendor\\servmask\\filter\\class-ai1wm-recursive-newline-filter.php","line":28}

Jul 24 2023 15:55:54
{"type":8192,"message":"Return type of Ai1wm_Recursive_Newline_Filter::accept() should either be compatible with FilterIterator::accept(): bool, or the #[\\ReturnTypeWillChange] attribute should be used to temporarily suppress the notice","file":"C:\\Users\\Jason\\Local Sites\\scbs\\app\\public\\wp-content\\plugins\\All-In-One-WP-Migration-With-Import-master\\lib\\vendor\\servmask\\filter\\class-ai1wm-recursive-newline-filter.php","line":28}

Jul 24 2023 15:55:54
{"type":8192,"message":"Return type of Ai1wm_Recursive_Newline_Filter::accept() should either be compatible with FilterIterator::accept(): bool, or the #[\\ReturnTypeWillChange] attribute should be used to temporarily suppress the notice","file":"C:\\Users\\Jason\\Local Sites\\scbs\\app\\public\\wp-content\\plugins\\All-In-One-WP-Migration-With-Import-master\\lib\\vendor\\servmask\\filter\\class-ai1wm-recursive-newline-filter.php","line":28}

Jul 24 2023 15:55:54
{"type":8192,"message":"Return type of Ai1wm_Recursive_Newline_Filter::accept() should either be compatible with FilterIterator::accept(): bool, or the #[\\ReturnTypeWillChange] attribute should be used to temporarily suppress the notice","file":"C:\\Users\\Jason\\Local Sites\\scbs\\app\\public\\wp-content\\plugins\\All-In-One-WP-Migration-With-Import-master\\lib\\vendor\\servmask\\filter\\class-ai1wm-recursive-newline-filter.php","line":28}

Jul 24 2023 15:55:54
{"type":8192,"message":"Return type of Ai1wm_Recursive_Newline_Filter::accept() should either be compatible with FilterIterator::accept(): bool, or the #[\\ReturnTypeWillChange] attribute should be used to temporarily suppress the notice","file":"C:\\Users\\Jason\\Local Sites\\scbs\\app\\public\\wp-content\\plugins\\All-In-One-WP-Migration-With-Import-master\\lib\\vendor\\servmask\\filter\\class-ai1wm-recursive-newline-filter.php","line":28}

Jul 24 2023 15:55:54
{"type":8192,"message":"Return type of Ai1wm_Recursive_Newline_Filter::accept() should either be compatible with FilterIterator::accept(): bool, or the #[\\ReturnTypeWillChange] attribute should be used to temporarily suppress the notice","file":"C:\\Users\\Jason\\Local Sites\\scbs\\app\\public\\wp-content\\plugins\\All-In-One-WP-Migration-With-Import-master\\lib\\vendor\\servmask\\filter\\class-ai1wm-recursive-newline-filter.php","line":28}

Jul 24 2023 15:56:10
{"type":8192,"message":"Return type of Ai1wm_Recursive_Newline_Filter::accept() should either be compatible with FilterIterator::accept(): bool, or the #[\\ReturnTypeWillChange] attribute should be used to temporarily suppress the notice","file":"C:\\Users\\Jason\\Local Sites\\scbs\\app\\public\\wp-content\\plugins\\All-In-One-WP-Migration-With-Import-master\\lib\\vendor\\servmask\\filter\\class-ai1wm-recursive-newline-filter.php","line":28}

Jul 24 2023 15:56:10
{"type":8192,"message":"Return type of Ai1wm_Recursive_Newline_Filter::accept() should either be compatible with FilterIterator::accept(): bool, or the #[\\ReturnTypeWillChange] attribute should be used to temporarily suppress the notice","file":"C:\\Users\\Jason\\Local Sites\\scbs\\app\\public\\wp-content\\plugins\\All-In-One-WP-Migration-With-Import-master\\lib\\vendor\\servmask\\filter\\class-ai1wm-recursive-newline-filter.php","line":28}

Jul 24 2023 15:56:10
{"type":8192,"message":"Return type of Ai1wm_Recursive_Newline_Filter::accept() should either be compatible with FilterIterator::accept(): bool, or the #[\\ReturnTypeWillChange] attribute should be used to temporarily suppress the notice","file":"C:\\Users\\Jason\\Local Sites\\scbs\\app\\public\\wp-content\\plugins\\All-In-One-WP-Migration-With-Import-master\\lib\\vendor\\servmask\\filter\\class-ai1wm-recursive-newline-filter.php","line":28}

Jul 24 2023 15:56:11
{"type":8192,"message":"Return type of Ai1wm_Recursive_Newline_Filter::accept() should either be compatible with FilterIterator::accept(): bool, or the #[\\ReturnTypeWillChange] attribute should be used to temporarily suppress the notice","file":"C:\\Users\\Jason\\Local Sites\\scbs\\app\\public\\wp-content\\plugins\\All-In-One-WP-Migration-With-Import-master\\lib\\vendor\\servmask\\filter\\class-ai1wm-recursive-newline-filter.php","line":28}

Jul 24 2023 15:56:11
{"type":8192,"message":"Return type of Ai1wm_Recursive_Newline_Filter::accept() should either be compatible with FilterIterator::accept(): bool, or the #[\\ReturnTypeWillChange] attribute should be used to temporarily suppress the notice","file":"C:\\Users\\Jason\\Local Sites\\scbs\\app\\public\\wp-content\\plugins\\All-In-One-WP-Migration-With-Import-master\\lib\\vendor\\servmask\\filter\\class-ai1wm-recursive-newline-filter.php","line":28}

Jul 24 2023 15:56:11
{"type":8192,"message":"Return type of Ai1wm_Recursive_Newline_Filter::accept() should either be compatible with FilterIterator::accept(): bool, or the #[\\ReturnTypeWillChange] attribute should be used to temporarily suppress the notice","file":"C:\\Users\\Jason\\Local Sites\\scbs\\app\\public\\wp-content\\plugins\\All-In-One-WP-Migration-With-Import-master\\lib\\vendor\\servmask\\filter\\class-ai1wm-recursive-newline-filter.php","line":28}

Jul 24 2023 15:56:11
{"type":8192,"message":"Return type of Ai1wm_Recursive_Newline_Filter::accept() should either be compatible with FilterIterator::accept(): bool, or the #[\\ReturnTypeWillChange] attribute should be used to temporarily suppress the notice","file":"C:\\Users\\Jason\\Local Sites\\scbs\\app\\public\\wp-content\\plugins\\All-In-One-WP-Migration-With-Import-master\\lib\\vendor\\servmask\\filter\\class-ai1wm-recursive-newline-filter.php","line":28}

Jul 24 2023 15:56:11
{"type":8192,"message":"Return type of Ai1wm_Recursive_Newline_Filter::accept() should either be compatible with FilterIterator::accept(): bool, or the #[\\ReturnTypeWillChange] attribute should be used to temporarily suppress the notice","file":"C:\\Users\\Jason\\Local Sites\\scbs\\app\\public\\wp-content\\plugins\\All-In-One-WP-Migration-With-Import-master\\lib\\vendor\\servmask\\filter\\class-ai1wm-recursive-newline-filter.php","line":28}

Jul 24 2023 15:56:11
{"type":8192,"message":"Return type of Ai1wm_Recursive_Newline_Filter::accept() should either be compatible with FilterIterator::accept(): bool, or the #[\\ReturnTypeWillChange] attribute should be used to temporarily suppress the notice","file":"C:\\Users\\Jason\\Local Sites\\scbs\\app\\public\\wp-content\\plugins\\All-In-One-WP-Migration-With-Import-master\\lib\\vendor\\servmask\\filter\\class-ai1wm-recursive-newline-filter.php","line":28}

Jul 24 2023 15:56:11
{"type":8192,"message":"Return type of Ai1wm_Recursive_Newline_Filter::accept() should either be compatible with FilterIterator::accept(): bool, or the #[\\ReturnTypeWillChange] attribute should be used to temporarily suppress the notice","file":"C:\\Users\\Jason\\Local Sites\\scbs\\app\\public\\wp-content\\plugins\\All-In-One-WP-Migration-With-Import-master\\lib\\vendor\\servmask\\filter\\class-ai1wm-recursive-newline-filter.php","line":28}

Jul 24 2023 15:56:12
{"type":8192,"message":"Return type of Ai1wm_Recursive_Newline_Filter::accept() should either be compatible with FilterIterator::accept(): bool, or the #[\\ReturnTypeWillChange] attribute should be used to temporarily suppress the notice","file":"C:\\Users\\Jason\\Local Sites\\scbs\\app\\public\\wp-content\\plugins\\All-In-One-WP-Migration-With-Import-master\\lib\\vendor\\servmask\\filter\\class-ai1wm-recursive-newline-filter.php","line":28}

Jul 24 2023 15:56:12
{"type":8192,"message":"Return type of Ai1wm_Recursive_Newline_Filter::accept() should either be compatible with FilterIterator::accept(): bool, or the #[\\ReturnTypeWillChange] attribute should be used to temporarily suppress the notice","file":"C:\\Users\\Jason\\Local Sites\\scbs\\app\\public\\wp-content\\plugins\\All-In-One-WP-Migration-With-Import-master\\lib\\vendor\\servmask\\filter\\class-ai1wm-recursive-newline-filter.php","line":28}

Jul 24 2023 15:56:12
{"type":8192,"message":"Return type of Ai1wm_Recursive_Newline_Filter::accept() should either be compatible with FilterIterator::accept(): bool, or the #[\\ReturnTypeWillChange] attribute should be used to temporarily suppress the notice","file":"C:\\Users\\Jason\\Local Sites\\scbs\\app\\public\\wp-content\\plugins\\All-In-One-WP-Migration-With-Import-master\\lib\\vendor\\servmask\\filter\\class-ai1wm-recursive-newline-filter.php","line":28}

Jul 24 2023 15:56:12
{"type":8192,"message":"Return type of Ai1wm_Recursive_Newline_Filter::accept() should either be compatible with FilterIterator::accept(): bool, or the #[\\ReturnTypeWillChange] attribute should be used to temporarily suppress the notice","file":"C:\\Users\\Jason\\Local Sites\\scbs\\app\\public\\wp-content\\plugins\\All-In-One-WP-Migration-With-Import-master\\lib\\vendor\\servmask\\filter\\class-ai1wm-recursive-newline-filter.php","line":28}

Jul 24 2023 15:56:12
{"type":8192,"message":"Return type of Ai1wm_Recursive_Newline_Filter::accept() should either be compatible with FilterIterator::accept(): bool, or the #[\\ReturnTypeWillChange] attribute should be used to temporarily suppress the notice","file":"C:\\Users\\Jason\\Local Sites\\scbs\\app\\public\\wp-content\\plugins\\All-In-One-WP-Migration-With-Import-master\\lib\\vendor\\servmask\\filter\\class-ai1wm-recursive-newline-filter.php","line":28}

Jul 24 2023 15:56:12
{"type":8192,"message":"Return type of Ai1wm_Recursive_Newline_Filter::accept() should either be compatible with FilterIterator::accept(): bool, or the #[\\ReturnTypeWillChange] attribute should be used to temporarily suppress the notice","file":"C:\\Users\\Jason\\Local Sites\\scbs\\app\\public\\wp-content\\plugins\\All-In-One-WP-Migration-With-Import-master\\lib\\vendor\\servmask\\filter\\class-ai1wm-recursive-newline-filter.php","line":28}

Jul 24 2023 15:56:12
{"type":8192,"message":"Return type of Ai1wm_Recursive_Newline_Filter::accept() should either be compatible with FilterIterator::accept(): bool, or the #[\\ReturnTypeWillChange] attribute should be used to temporarily suppress the notice","file":"C:\\Users\\Jason\\Local Sites\\scbs\\app\\public\\wp-content\\plugins\\All-In-One-WP-Migration-With-Import-master\\lib\\vendor\\servmask\\filter\\class-ai1wm-recursive-newline-filter.php","line":28}

Jul 24 2023 15:56:13
{"type":8192,"message":"Return type of Ai1wm_Recursive_Newline_Filter::accept() should either be compatible with FilterIterator::accept(): bool, or the #[\\ReturnTypeWillChange] attribute should be used to temporarily suppress the notice","file":"C:\\Users\\Jason\\Local Sites\\scbs\\app\\public\\wp-content\\plugins\\All-In-One-WP-Migration-With-Import-master\\lib\\vendor\\servmask\\filter\\class-ai1wm-recursive-newline-filter.php","line":28}

Jul 24 2023 15:56:13
{"type":8192,"message":"Return type of Ai1wm_Recursive_Newline_Filter::accept() should either be compatible with FilterIterator::accept(): bool, or the #[\\ReturnTypeWillChange] attribute should be used to temporarily suppress the notice","file":"C:\\Users\\Jason\\Local Sites\\scbs\\app\\public\\wp-content\\plugins\\All-In-One-WP-Migration-With-Import-master\\lib\\vendor\\servmask\\filter\\class-ai1wm-recursive-newline-filter.php","line":28}

Jul 24 2023 15:56:13
{"type":8192,"message":"Return type of Ai1wm_Recursive_Newline_Filter::accept() should either be compatible with FilterIterator::accept(): bool, or the #[\\ReturnTypeWillChange] attribute should be used to temporarily suppress the notice","file":"C:\\Users\\Jason\\Local Sites\\scbs\\app\\public\\wp-content\\plugins\\All-In-One-WP-Migration-With-Import-master\\lib\\vendor\\servmask\\filter\\class-ai1wm-recursive-newline-filter.php","line":28}

Jul 24 2023 15:56:13
{"type":8192,"message":"Return type of Ai1wm_Recursive_Newline_Filter::accept() should either be compatible with FilterIterator::accept(): bool, or the #[\\ReturnTypeWillChange] attribute should be used to temporarily suppress the notice","file":"C:\\Users\\Jason\\Local Sites\\scbs\\app\\public\\wp-content\\plugins\\All-In-One-WP-Migration-With-Import-master\\lib\\vendor\\servmask\\filter\\class-ai1wm-recursive-newline-filter.php","line":28}

Jul 24 2023 15:56:13
{"type":8192,"message":"Return type of Ai1wm_Recursive_Newline_Filter::accept() should either be compatible with FilterIterator::accept(): bool, or the #[\\ReturnTypeWillChange] attribute should be used to temporarily suppress the notice","file":"C:\\Users\\Jason\\Local Sites\\scbs\\app\\public\\wp-content\\plugins\\All-In-One-WP-Migration-With-Import-master\\lib\\vendor\\servmask\\filter\\class-ai1wm-recursive-newline-filter.php","line":28}

Jul 24 2023 15:56:14
{"type":8192,"message":"Return type of Ai1wm_Recursive_Newline_Filter::accept() should either be compatible with FilterIterator::accept(): bool, or the #[\\ReturnTypeWillChange] attribute should be used to temporarily suppress the notice","file":"C:\\Users\\Jason\\Local Sites\\scbs\\app\\public\\wp-content\\plugins\\All-In-One-WP-Migration-With-Import-master\\lib\\vendor\\servmask\\filter\\class-ai1wm-recursive-newline-filter.php","line":28}

Jul 24 2023 15:56:14
{"type":8192,"message":"Return type of Ai1wm_Recursive_Newline_Filter::accept() should either be compatible with FilterIterator::accept(): bool, or the #[\\ReturnTypeWillChange] attribute should be used to temporarily suppress the notice","file":"C:\\Users\\Jason\\Local Sites\\scbs\\app\\public\\wp-content\\plugins\\All-In-One-WP-Migration-With-Import-master\\lib\\vendor\\servmask\\filter\\class-ai1wm-recursive-newline-filter.php","line":28}

Jul 24 2023 15:56:14
{"type":8192,"message":"Return type of Ai1wm_Recursive_Newline_Filter::accept() should either be compatible with FilterIterator::accept(): bool, or the #[\\ReturnTypeWillChange] attribute should be used to temporarily suppress the notice","file":"C:\\Users\\Jason\\Local Sites\\scbs\\app\\public\\wp-content\\plugins\\All-In-One-WP-Migration-With-Import-master\\lib\\vendor\\servmask\\filter\\class-ai1wm-recursive-newline-filter.php","line":28}

Jul 24 2023 15:56:14
{"type":8192,"message":"Return type of Ai1wm_Recursive_Newline_Filter::accept() should either be compatible with FilterIterator::accept(): bool, or the #[\\ReturnTypeWillChange] attribute should be used to temporarily suppress the notice","file":"C:\\Users\\Jason\\Local Sites\\scbs\\app\\public\\wp-content\\plugins\\All-In-One-WP-Migration-With-Import-master\\lib\\vendor\\servmask\\filter\\class-ai1wm-recursive-newline-filter.php","line":28}

Jul 24 2023 15:56:14
{"type":8192,"message":"Return type of Ai1wm_Recursive_Newline_Filter::accept() should either be compatible with FilterIterator::accept(): bool, or the #[\\ReturnTypeWillChange] attribute should be used to temporarily suppress the notice","file":"C:\\Users\\Jason\\Local Sites\\scbs\\app\\public\\wp-content\\plugins\\All-In-One-WP-Migration-With-Import-master\\lib\\vendor\\servmask\\filter\\class-ai1wm-recursive-newline-filter.php","line":28}

Jul 24 2023 15:56:15
{"type":8192,"message":"Return type of Ai1wm_Recursive_Newline_Filter::accept() should either be compatible with FilterIterator::accept(): bool, or the #[\\ReturnTypeWillChange] attribute should be used to temporarily suppress the notice","file":"C:\\Users\\Jason\\Local Sites\\scbs\\app\\public\\wp-content\\plugins\\All-In-One-WP-Migration-With-Import-master\\lib\\vendor\\servmask\\filter\\class-ai1wm-recursive-newline-filter.php","line":28}

Jul 24 2023 15:56:15
{"type":8192,"message":"Return type of Ai1wm_Recursive_Newline_Filter::accept() should either be compatible with FilterIterator::accept(): bool, or the #[\\ReturnTypeWillChange] attribute should be used to temporarily suppress the notice","file":"C:\\Users\\Jason\\Local Sites\\scbs\\app\\public\\wp-content\\plugins\\All-In-One-WP-Migration-With-Import-master\\lib\\vendor\\servmask\\filter\\class-ai1wm-recursive-newline-filter.php","line":28}

Jul 24 2023 15:56:15
{"type":8192,"message":"Return type of Ai1wm_Recursive_Newline_Filter::accept() should either be compatible with FilterIterator::accept(): bool, or the #[\\ReturnTypeWillChange] attribute should be used to temporarily suppress the notice","file":"C:\\Users\\Jason\\Local Sites\\scbs\\app\\public\\wp-content\\plugins\\All-In-One-WP-Migration-With-Import-master\\lib\\vendor\\servmask\\filter\\class-ai1wm-recursive-newline-filter.php","line":28}

Jul 24 2023 15:56:15
{"type":8192,"message":"Return type of Ai1wm_Recursive_Newline_Filter::accept() should either be compatible with FilterIterator::accept(): bool, or the #[\\ReturnTypeWillChange] attribute should be used to temporarily suppress the notice","file":"C:\\Users\\Jason\\Local Sites\\scbs\\app\\public\\wp-content\\plugins\\All-In-One-WP-Migration-With-Import-master\\lib\\vendor\\servmask\\filter\\class-ai1wm-recursive-newline-filter.php","line":28}

Jul 24 2023 15:56:15
{"type":8192,"message":"Return type of Ai1wm_Recursive_Newline_Filter::accept() should either be compatible with FilterIterator::accept(): bool, or the #[\\ReturnTypeWillChange] attribute should be used to temporarily suppress the notice","file":"C:\\Users\\Jason\\Local Sites\\scbs\\app\\public\\wp-content\\plugins\\All-In-One-WP-Migration-With-Import-master\\lib\\vendor\\servmask\\filter\\class-ai1wm-recursive-newline-filter.php","line":28}

Jul 24 2023 15:56:15
{"type":8192,"message":"Return type of Ai1wm_Recursive_Newline_Filter::accept() should either be compatible with FilterIterator::accept(): bool, or the #[\\ReturnTypeWillChange] attribute should be used to temporarily suppress the notice","file":"C:\\Users\\Jason\\Local Sites\\scbs\\app\\public\\wp-content\\plugins\\All-In-One-WP-Migration-With-Import-master\\lib\\vendor\\servmask\\filter\\class-ai1wm-recursive-newline-filter.php","line":28}

Jul 24 2023 15:56:15
{"type":8192,"message":"Return type of Ai1wm_Recursive_Newline_Filter::accept() should either be compatible with FilterIterator::accept(): bool, or the #[\\ReturnTypeWillChange] attribute should be used to temporarily suppress the notice","file":"C:\\Users\\Jason\\Local Sites\\scbs\\app\\public\\wp-content\\plugins\\All-In-One-WP-Migration-With-Import-master\\lib\\vendor\\servmask\\filter\\class-ai1wm-recursive-newline-filter.php","line":28}

Jul 24 2023 15:56:15
{"type":8192,"message":"Return type of Ai1wm_Recursive_Newline_Filter::accept() should either be compatible with FilterIterator::accept(): bool, or the #[\\ReturnTypeWillChange] attribute should be used to temporarily suppress the notice","file":"C:\\Users\\Jason\\Local Sites\\scbs\\app\\public\\wp-content\\plugins\\All-In-One-WP-Migration-With-Import-master\\lib\\vendor\\servmask\\filter\\class-ai1wm-recursive-newline-filter.php","line":28}

Jul 24 2023 15:56:16
{"type":8192,"message":"Return type of Ai1wm_Recursive_Newline_Filter::accept() should either be compatible with FilterIterator::accept(): bool, or the #[\\ReturnTypeWillChange] attribute should be used to temporarily suppress the notice","file":"C:\\Users\\Jason\\Local Sites\\scbs\\app\\public\\wp-content\\plugins\\All-In-One-WP-Migration-With-Import-master\\lib\\vendor\\servmask\\filter\\class-ai1wm-recursive-newline-filter.php","line":28}

Jul 24 2023 15:56:16
{"type":8192,"message":"Return type of Ai1wm_Recursive_Newline_Filter::accept() should either be compatible with FilterIterator::accept(): bool, or the #[\\ReturnTypeWillChange] attribute should be used to temporarily suppress the notice","file":"C:\\Users\\Jason\\Local Sites\\scbs\\app\\public\\wp-content\\plugins\\All-In-One-WP-Migration-With-Import-master\\lib\\vendor\\servmask\\filter\\class-ai1wm-recursive-newline-filter.php","line":28}

Jul 24 2023 15:56:16
{"type":8192,"message":"Return type of Ai1wm_Recursive_Newline_Filter::accept() should either be compatible with FilterIterator::accept(): bool, or the #[\\ReturnTypeWillChange] attribute should be used to temporarily suppress the notice","file":"C:\\Users\\Jason\\Local Sites\\scbs\\app\\public\\wp-content\\plugins\\All-In-One-WP-Migration-With-Import-master\\lib\\vendor\\servmask\\filter\\class-ai1wm-recursive-newline-filter.php","line":28}

Jul 24 2023 15:56:24
{"type":8192,"message":"Return type of Ai1wm_Recursive_Newline_Filter::accept() should either be compatible with FilterIterator::accept(): bool, or the #[\\ReturnTypeWillChange] attribute should be used to temporarily suppress the notice","file":"C:\\Users\\Jason\\Local Sites\\scbs\\app\\public\\wp-content\\plugins\\All-In-One-WP-Migration-With-Import-master\\lib\\vendor\\servmask\\filter\\class-ai1wm-recursive-newline-filter.php","line":28}

Jul 24 2023 15:56:24
{"type":8192,"message":"Return type of Ai1wm_Recursive_Newline_Filter::accept() should either be compatible with FilterIterator::accept(): bool, or the #[\\ReturnTypeWillChange] attribute should be used to temporarily suppress the notice","file":"C:\\Users\\Jason\\Local Sites\\scbs\\app\\public\\wp-content\\plugins\\All-In-One-WP-Migration-With-Import-master\\lib\\vendor\\servmask\\filter\\class-ai1wm-recursive-newline-filter.php","line":28}

Jul 24 2023 15:56:34
{"type":8192,"message":"Return type of Ai1wm_Recursive_Newline_Filter::accept() should either be compatible with FilterIterator::accept(): bool, or the #[\\ReturnTypeWillChange] attribute should be used to temporarily suppress the notice","file":"C:\\Users\\Jason\\Local Sites\\scbs\\app\\public\\wp-content\\plugins\\All-In-One-WP-Migration-With-Import-master\\lib\\vendor\\servmask\\filter\\class-ai1wm-recursive-newline-filter.php","line":28}

Jul 24 2023 15:56:44
{"type":8192,"message":"Return type of Ai1wm_Recursive_Newline_Filter::accept() should either be compatible with FilterIterator::accept(): bool, or the #[\\ReturnTypeWillChange] attribute should be used to temporarily suppress the notice","file":"C:\\Users\\Jason\\Local Sites\\scbs\\app\\public\\wp-content\\plugins\\All-In-One-WP-Migration-With-Import-master\\lib\\vendor\\servmask\\filter\\class-ai1wm-recursive-newline-filter.php","line":28}

Jul 24 2023 15:56:54
{"type":8192,"message":"Return type of Ai1wm_Recursive_Newline_Filter::accept() should either be compatible with FilterIterator::accept(): bool, or the #[\\ReturnTypeWillChange] attribute should be used to temporarily suppress the notice","file":"C:\\Users\\Jason\\Local Sites\\scbs\\app\\public\\wp-content\\plugins\\All-In-One-WP-Migration-With-Import-master\\lib\\vendor\\servmask\\filter\\class-ai1wm-recursive-newline-filter.php","line":28}

Jul 24 2023 15:57:04
{"type":8192,"message":"Return type of Ai1wm_Recursive_Newline_Filter::accept() should either be compatible with FilterIterator::accept(): bool, or the #[\\ReturnTypeWillChange] attribute should be used to temporarily suppress the notice","file":"C:\\Users\\Jason\\Local Sites\\scbs\\app\\public\\wp-content\\plugins\\All-In-One-WP-Migration-With-Import-master\\lib\\vendor\\servmask\\filter\\class-ai1wm-recursive-newline-filter.php","line":28}

Jul 24 2023 15:57:15
{"type":8192,"message":"Return type of Ai1wm_Recursive_Newline_Filter::accept() should either be compatible with FilterIterator::accept(): bool, or the #[\\ReturnTypeWillChange] attribute should be used to temporarily suppress the notice","file":"C:\\Users\\Jason\\Local Sites\\scbs\\app\\public\\wp-content\\plugins\\All-In-One-WP-Migration-With-Import-master\\lib\\vendor\\servmask\\filter\\class-ai1wm-recursive-newline-filter.php","line":28}

Jul 24 2023 15:57:25
{"type":8192,"message":"Return type of Ai1wm_Recursive_Newline_Filter::accept() should either be compatible with FilterIterator::accept(): bool, or the #[\\ReturnTypeWillChange] attribute should be used to temporarily suppress the notice","file":"C:\\Users\\Jason\\Local Sites\\scbs\\app\\public\\wp-content\\plugins\\All-In-One-WP-Migration-With-Import-master\\lib\\vendor\\servmask\\filter\\class-ai1wm-recursive-newline-filter.php","line":28}

Jul 24 2023 15:57:35
{"type":8192,"message":"Return type of Ai1wm_Recursive_Newline_Filter::accept() should either be compatible with FilterIterator::accept(): bool, or the #[\\ReturnTypeWillChange] attribute should be used to temporarily suppress the notice","file":"C:\\Users\\Jason\\Local Sites\\scbs\\app\\public\\wp-content\\plugins\\All-In-One-WP-Migration-With-Import-master\\lib\\vendor\\servmask\\filter\\class-ai1wm-recursive-newline-filter.php","line":28}

Jul 24 2023 15:57:45
{"type":8192,"message":"Return type of Ai1wm_Recursive_Newline_Filter::accept() should either be compatible with FilterIterator::accept(): bool, or the #[\\ReturnTypeWillChange] attribute should be used to temporarily suppress the notice","file":"C:\\Users\\Jason\\Local Sites\\scbs\\app\\public\\wp-content\\plugins\\All-In-One-WP-Migration-With-Import-master\\lib\\vendor\\servmask\\filter\\class-ai1wm-recursive-newline-filter.php","line":28}

Jul 24 2023 15:57:45
{"type":8192,"message":"Return type of Ai1wm_Recursive_Newline_Filter::accept() should either be compatible with FilterIterator::accept(): bool, or the #[\\ReturnTypeWillChange] attribute should be used to temporarily suppress the notice","file":"C:\\Users\\Jason\\Local Sites\\scbs\\app\\public\\wp-content\\plugins\\All-In-One-WP-Migration-With-Import-master\\lib\\vendor\\servmask\\filter\\class-ai1wm-recursive-newline-filter.php","line":28}

Jul 24 2023 15:57:46
{"type":8192,"message":"Return type of Ai1wm_Recursive_Newline_Filter::accept() should either be compatible with FilterIterator::accept(): bool, or the #[\\ReturnTypeWillChange] attribute should be used to temporarily suppress the notice","file":"C:\\Users\\Jason\\Local Sites\\scbs\\app\\public\\wp-content\\plugins\\All-In-One-WP-Migration-With-Import-master\\lib\\vendor\\servmask\\filter\\class-ai1wm-recursive-newline-filter.php","line":28}

Jul 24 2023 15:57:46
{"Number":8192,"Message":"rtrim(): Passing null to parameter #1 ($string) of type string is deprecated","File":"C:\\Users\\Jason\\Local Sites\\scbs\\app\\public\\wp-includes\\formatting.php","Line":2809}

Jul 24 2023 15:57:46
{"Number":8192,"Message":"rtrim(): Passing null to parameter #1 ($string) of type string is deprecated","File":"C:\\Users\\Jason\\Local Sites\\scbs\\app\\public\\wp-includes\\formatting.php","Line":2809}

Jul 24 2023 15:57:46
{"Number":8192,"Message":"rtrim(): Passing null to parameter #1 ($string) of type string is deprecated","File":"C:\\Users\\Jason\\Local Sites\\scbs\\app\\public\\wp-includes\\formatting.php","Line":2809}

Jul 24 2023 15:57:46
{"Number":8192,"Message":"rtrim(): Passing null to parameter #1 ($string) of type string is deprecated","File":"C:\\Users\\Jason\\Local Sites\\scbs\\app\\public\\wp-includes\\formatting.php","Line":2809}

Jul 24 2023 15:57:46
{"Number":8192,"Message":"rtrim(): Passing null to parameter #1 ($string) of type string is deprecated","File":"C:\\Users\\Jason\\Local Sites\\scbs\\app\\public\\wp-includes\\formatting.php","Line":2809}

Jul 24 2023 15:57:46
{"Number":8192,"Message":"rtrim(): Passing null to parameter #1 ($string) of type string is deprecated","File":"C:\\Users\\Jason\\Local Sites\\scbs\\app\\public\\wp-includes\\formatting.php","Line":2809}

Jul 24 2023 15:57:46
{"Number":8192,"Message":"rtrim(): Passing null to parameter #1 ($string) of type string is deprecated","File":"C:\\Users\\Jason\\Local Sites\\scbs\\app\\public\\wp-includes\\formatting.php","Line":2809}

Jul 24 2023 15:57:46
{"Number":8192,"Message":"rtrim(): Passing null to parameter #1 ($string) of type string is deprecated","File":"C:\\Users\\Jason\\Local Sites\\scbs\\app\\public\\wp-includes\\formatting.php","Line":2809}

Jul 24 2023 15:57:46
{"Number":8192,"Message":"rtrim(): Passing null to parameter #1 ($string) of type string is deprecated","File":"C:\\Users\\Jason\\Local Sites\\scbs\\app\\public\\wp-includes\\formatting.php","Line":2809}

Jul 24 2023 15:57:46
{"Number":8192,"Message":"rtrim(): Passing null to parameter #1 ($string) of type string is deprecated","File":"C:\\Users\\Jason\\Local Sites\\scbs\\app\\public\\wp-includes\\formatting.php","Line":2809}

Jul 24 2023 15:57:46
{"Number":8192,"Message":"rtrim(): Passing null to parameter #1 ($string) of type string is deprecated","File":"C:\\Users\\Jason\\Local Sites\\scbs\\app\\public\\wp-includes\\formatting.php","Line":2809}

Jul 24 2023 15:57:46
{"Number":8192,"Message":"rtrim(): Passing null to parameter #1 ($string) of type string is deprecated","File":"C:\\Users\\Jason\\Local Sites\\scbs\\app\\public\\wp-includes\\formatting.php","Line":2809}

Jul 24 2023 15:57:46
{"Number":8192,"Message":"rtrim(): Passing null to parameter #1 ($string) of type string is deprecated","File":"C:\\Users\\Jason\\Local Sites\\scbs\\app\\public\\wp-includes\\formatting.php","Line":2809}

Jul 24 2023 15:57:46
{"Number":8192,"Message":"rtrim(): Passing null to parameter #1 ($string) of type string is deprecated","File":"C:\\Users\\Jason\\Local Sites\\scbs\\app\\public\\wp-includes\\formatting.php","Line":2809}

Jul 24 2023 15:57:46
{"Number":8192,"Message":"rtrim(): Passing null to parameter #1 ($string) of type string is deprecated","File":"C:\\Users\\Jason\\Local Sites\\scbs\\app\\public\\wp-includes\\formatting.php","Line":2809}

Jul 24 2023 15:57:46
{"Number":8192,"Message":"rtrim(): Passing null to parameter #1 ($string) of type string is deprecated","File":"C:\\Users\\Jason\\Local Sites\\scbs\\app\\public\\wp-includes\\formatting.php","Line":2809}

Jul 24 2023 15:57:46
{"Number":8192,"Message":"rtrim(): Passing null to parameter #1 ($string) of type string is deprecated","File":"C:\\Users\\Jason\\Local Sites\\scbs\\app\\public\\wp-includes\\formatting.php","Line":2809}

Jul 24 2023 15:57:46
{"Number":8192,"Message":"rtrim(): Passing null to parameter #1 ($string) of type string is deprecated","File":"C:\\Users\\Jason\\Local Sites\\scbs\\app\\public\\wp-includes\\formatting.php","Line":2809}

Jul 24 2023 15:57:46
{"Number":8192,"Message":"rtrim(): Passing null to parameter #1 ($string) of type string is deprecated","File":"C:\\Users\\Jason\\Local Sites\\scbs\\app\\public\\wp-includes\\formatting.php","Line":2809}

Jul 24 2023 15:57:46
{"Number":8192,"Message":"rtrim(): Passing null to parameter #1 ($string) of type string is deprecated","File":"C:\\Users\\Jason\\Local Sites\\scbs\\app\\public\\wp-includes\\formatting.php","Line":2809}

Jul 24 2023 15:57:46
{"Number":8192,"Message":"rtrim(): Passing null to parameter #1 ($string) of type string is deprecated","File":"C:\\Users\\Jason\\Local Sites\\scbs\\app\\public\\wp-includes\\formatting.php","Line":2809}

Jul 24 2023 15:57:46
{"Number":8192,"Message":"rtrim(): Passing null to parameter #1 ($string) of type string is deprecated","File":"C:\\Users\\Jason\\Local Sites\\scbs\\app\\public\\wp-includes\\formatting.php","Line":2809}

Jul 24 2023 15:57:46
{"Number":8192,"Message":"rtrim(): Passing null to parameter #1 ($string) of type string is deprecated","File":"C:\\Users\\Jason\\Local Sites\\scbs\\app\\public\\wp-includes\\formatting.php","Line":2809}

Jul 24 2023 15:57:46
{"Number":8192,"Message":"rtrim(): Passing null to parameter #1 ($string) of type string is deprecated","File":"C:\\Users\\Jason\\Local Sites\\scbs\\app\\public\\wp-includes\\formatting.php","Line":2809}

Jul 24 2023 15:57:46
{"Number":8192,"Message":"rtrim(): Passing null to parameter #1 ($string) of type string is deprecated","File":"C:\\Users\\Jason\\Local Sites\\scbs\\app\\public\\wp-includes\\formatting.php","Line":2809}

Jul 24 2023 15:57:46
{"Number":8192,"Message":"rtrim(): Passing null to parameter #1 ($string) of type string is deprecated","File":"C:\\Users\\Jason\\Local Sites\\scbs\\app\\public\\wp-includes\\formatting.php","Line":2809}

Jul 24 2023 15:57:46
{"Number":8192,"Message":"rtrim(): Passing null to parameter #1 ($string) of type string is deprecated","File":"C:\\Users\\Jason\\Local Sites\\scbs\\app\\public\\wp-includes\\formatting.php","Line":2809}

Jul 24 2023 15:57:46
{"Number":8192,"Message":"rtrim(): Passing null to parameter #1 ($string) of type string is deprecated","File":"C:\\Users\\Jason\\Local Sites\\scbs\\app\\public\\wp-includes\\formatting.php","Line":2809}

Jul 24 2023 15:57:46
{"Number":8192,"Message":"rtrim(): Passing null to parameter #1 ($string) of type string is deprecated","File":"C:\\Users\\Jason\\Local Sites\\scbs\\app\\public\\wp-includes\\formatting.php","Line":2809}

Jul 24 2023 15:57:46
{"Number":8192,"Message":"rtrim(): Passing null to parameter #1 ($string) of type string is deprecated","File":"C:\\Users\\Jason\\Local Sites\\scbs\\app\\public\\wp-includes\\formatting.php","Line":2809}

Jul 24 2023 15:57:46
{"Number":8192,"Message":"rtrim(): Passing null to parameter #1 ($string) of type string is deprecated","File":"C:\\Users\\Jason\\Local Sites\\scbs\\app\\public\\wp-includes\\formatting.php","Line":2809}

Jul 24 2023 15:57:46
{"Number":8192,"Message":"rtrim(): Passing null to parameter #1 ($string) of type string is deprecated","File":"C:\\Users\\Jason\\Local Sites\\scbs\\app\\public\\wp-includes\\formatting.php","Line":2809}

Jul 24 2023 15:57:46
{"Number":8192,"Message":"rtrim(): Passing null to parameter #1 ($string) of type string is deprecated","File":"C:\\Users\\Jason\\Local Sites\\scbs\\app\\public\\wp-includes\\formatting.php","Line":2809}

Jul 24 2023 15:57:46
{"Number":8192,"Message":"rtrim(): Passing null to parameter #1 ($string) of type string is deprecated","File":"C:\\Users\\Jason\\Local Sites\\scbs\\app\\public\\wp-includes\\formatting.php","Line":2809}

Jul 24 2023 15:57:46
{"Number":8192,"Message":"rtrim(): Passing null to parameter #1 ($string) of type string is deprecated","File":"C:\\Users\\Jason\\Local Sites\\scbs\\app\\public\\wp-includes\\formatting.php","Line":2809}

Jul 24 2023 15:57:46
{"Number":8192,"Message":"rtrim(): Passing null to parameter #1 ($string) of type string is deprecated","File":"C:\\Users\\Jason\\Local Sites\\scbs\\app\\public\\wp-includes\\formatting.php","Line":2809}

Jul 24 2023 15:57:53
{"type":8192,"message":"Return type of Ai1wm_Recursive_Newline_Filter::accept() should either be compatible with FilterIterator::accept(): bool, or the #[\\ReturnTypeWillChange] attribute should be used to temporarily suppress the notice","file":"C:\\Users\\Jason\\Local Sites\\scbs\\app\\public\\wp-content\\plugins\\All-In-One-WP-Migration-With-Import-master\\lib\\vendor\\servmask\\filter\\class-ai1wm-recursive-newline-filter.php","line":28}

Jul 24 2023 15:57:53
{"type":8192,"message":"Return type of Ai1wm_Recursive_Newline_Filter::accept() should either be compatible with FilterIterator::accept(): bool, or the #[\\ReturnTypeWillChange] attribute should be used to temporarily suppress the notice","file":"C:\\Users\\Jason\\Local Sites\\scbs\\app\\public\\wp-content\\plugins\\All-In-One-WP-Migration-With-Import-master\\lib\\vendor\\servmask\\filter\\class-ai1wm-recursive-newline-filter.php","line":28}

Jul 24 2023 15:57:56
{"type":8192,"message":"Return type of Ai1wm_Recursive_Newline_Filter::accept() should either be compatible with FilterIterator::accept(): bool, or the #[\\ReturnTypeWillChange] attribute should be used to temporarily suppress the notice","file":"C:\\Users\\Jason\\Local Sites\\scbs\\app\\public\\wp-content\\plugins\\All-In-One-WP-Migration-With-Import-master\\lib\\vendor\\servmask\\filter\\class-ai1wm-recursive-newline-filter.php","line":28}

